2023-06-22 19:11:31,782 [main] INFO Luma E-Commerce - >>>> Test Execute On Chrome Browser>>>>
2023-06-22 19:11:32,051 [main] INFO io.github.bonigarcia.wdm.WebDriverManager - Using chromedriver 114.0.5735.90 (resolved driver for Chrome 114)
2023-06-22 19:11:32,073 [main] INFO io.github.bonigarcia.wdm.WebDriverManager - Exporting webdriver.chrome.driver as C:\Users\shant\.cache\selenium\chromedriver\win32\114.0.5735.90\chromedriver.exe
2023-06-22 19:11:34,685 [main] INFO Luma E-Commerce - >>>> User can click on sign In BTN>>>>
2023-06-22 19:11:35,670 [main] INFO Luma E-Commerce - >>>> User can enter the userName>>>>
2023-06-22 19:11:35,884 [main] INFO Luma E-Commerce - >>>>User can enter the Password>>>>
2023-06-22 19:11:36,006 [main] INFO Luma E-Commerce - >>>> User can click on log In BTN>>>>
2023-06-22 19:11:42,436 [main] INFO Luma E-Commerce - >>>> User able to verify user info on the screen>>>>
2023-06-22 19:11:42,466 [main] INFO Luma E-Commerce - >>>> User able to hover over top men module >>>>
2023-06-22 19:11:42,616 [main] INFO Luma E-Commerce - >>>> User able to hover over tops inside the men module >>>>
2023-06-22 19:11:42,759 [main] INFO Luma E-Commerce - >>>> User able to click on jacket>>>>
2023-06-22 19:30:00,974 [main] INFO Luma E-Commerce - >>>> Test Execute On Chrome Browser>>>>
2023-06-22 19:30:01,246 [main] INFO io.github.bonigarcia.wdm.WebDriverManager - Using chromedriver 114.0.5735.90 (resolved driver for Chrome 114)
2023-06-22 19:30:01,266 [main] INFO io.github.bonigarcia.wdm.WebDriverManager - Exporting webdriver.chrome.driver as C:\Users\shant\.cache\selenium\chromedriver\win32\114.0.5735.90\chromedriver.exe
2023-06-22 19:30:04,027 [main] INFO Luma E-Commerce - >>>> User can click on sign In BTN>>>>
2023-06-22 19:30:05,322 [main] INFO Luma E-Commerce - >>>> User can enter the userName>>>>
2023-06-22 19:30:05,594 [main] INFO Luma E-Commerce - >>>>User can enter the Password>>>>
2023-06-22 19:30:05,668 [main] INFO Luma E-Commerce - >>>> User can click on log In BTN>>>>
2023-06-22 19:30:12,433 [main] INFO Luma E-Commerce - >>>> User able to verify user info on the screen>>>>
2023-06-22 19:30:12,485 [main] INFO Luma E-Commerce - >>>> User able to hover over top men module >>>>
2023-06-22 19:30:12,643 [main] INFO Luma E-Commerce - >>>> User able to hover over tops inside the men module >>>>
2023-06-22 19:30:12,799 [main] INFO Luma E-Commerce - >>>> User able to click on jacket>>>>
2023-06-22 19:49:57,368 [main] INFO Luma E-Commerce - >>>> Test Execute On Chrome Browser>>>>
2023-06-22 19:49:58,166 [main] INFO io.github.bonigarcia.wdm.WebDriverManager - Using chromedriver 114.0.5735.90 (resolved driver for Chrome 114)
2023-06-22 19:49:58,216 [main] INFO io.github.bonigarcia.wdm.WebDriverManager - Exporting webdriver.chrome.driver as C:\Users\shant\.cache\selenium\chromedriver\win32\114.0.5735.90\chromedriver.exe
2023-06-22 19:50:42,137 [main] INFO Luma E-Commerce - >>>> Test Execute On Chrome Browser>>>>
2023-06-22 19:50:42,407 [main] INFO io.github.bonigarcia.wdm.WebDriverManager - Using chromedriver 114.0.5735.90 (resolved driver for Chrome 114)
2023-06-22 19:50:42,428 [main] INFO io.github.bonigarcia.wdm.WebDriverManager - Exporting webdriver.chrome.driver as C:\Users\shant\.cache\selenium\chromedriver\win32\114.0.5735.90\chromedriver.exe
2023-06-22 19:50:44,967 [main] INFO Luma E-Commerce - >>>> User can click on sign In BTN>>>>
2023-06-22 19:52:03,584 [main] INFO Luma E-Commerce - >>>> Test Execute On Edge Browser>>>>
2023-06-22 19:52:04,264 [main] INFO io.github.bonigarcia.wdm.WebDriverManager - Using msedgedriver 114.0.1823.55 (resolved driver for Edge 114)
2023-06-22 19:52:04,292 [main] INFO io.github.bonigarcia.wdm.WebDriverManager - Reading https://msedgedriver.azureedge.net/?restype=container&comp=list to seek msedgedriver
2023-06-22 19:52:05,172 [main] INFO io.github.bonigarcia.wdm.online.Downloader - Downloading https://msedgewebdriverstorage.blob.core.windows.net/edgewebdriver/114.0.1823.55/edgedriver_win64.zip
2023-06-22 19:52:07,117 [main] INFO io.github.bonigarcia.wdm.online.Downloader - Extracting driver from compressed file edgedriver_win64.zip
2023-06-22 19:52:07,270 [main] INFO io.github.bonigarcia.wdm.WebDriverManager - Exporting webdriver.edge.driver as C:\Users\shant\.cache\selenium\msedgedriver\win64\114.0.1823.55\msedgedriver.exe
2023-06-22 19:52:11,626 [main] INFO Luma E-Commerce - >>>> User can click on sign In BTN>>>>
2023-06-22 19:52:12,608 [main] INFO Luma E-Commerce - >>>> User can enter the userName>>>>
2023-06-22 19:52:12,856 [main] INFO Luma E-Commerce - >>>>User can enter the Password>>>>
2023-06-22 19:52:12,928 [main] INFO Luma E-Commerce - >>>> User can click on log In BTN>>>>
2023-06-22 19:52:19,353 [main] INFO Luma E-Commerce - >>>> User able to verify user info on the screen>>>>
2023-06-22 19:52:19,401 [main] INFO Luma E-Commerce - >>>> User able to hover over top men module >>>>
2023-06-22 19:52:19,562 [main] INFO Luma E-Commerce - >>>> User able to hover over tops inside the men module >>>>
2023-06-22 19:52:19,734 [main] INFO Luma E-Commerce - >>>> User able to click on jacket>>>>
2023-06-22 23:00:22,399 [main] INFO Luma E-Commerce - >>>> Test Execute On Edge Browser>>>>
2023-06-22 23:00:22,893 [main] INFO io.github.bonigarcia.wdm.WebDriverManager - Using msedgedriver 114.0.1823.55 (resolved driver for Edge 114)
2023-06-22 23:00:22,924 [main] INFO io.github.bonigarcia.wdm.WebDriverManager - Exporting webdriver.edge.driver as C:\Users\shant\.cache\selenium\msedgedriver\win64\114.0.1823.55\msedgedriver.exe
2023-06-22 23:00:27,517 [main] INFO Luma E-Commerce - ooomaaaa>>>> User can click on sign In BTN>>>> goo
2023-06-22 23:00:28,535 [main] INFO Luma E-Commerce - ooomaaaa>>>> User can enter the userName>>>> goo
2023-06-22 23:00:28,835 [main] INFO Luma E-Commerce - ooomaaaa>>>>User can enter the Password>>>> goo
2023-06-22 23:00:28,916 [main] INFO Luma E-Commerce - ooomaaaa>>>> User can click on log In BTN>>>> goo
2023-06-22 23:00:35,174 [main] INFO Luma E-Commerce - ooomaaaa>>>> User able to verify user info on the screen>>>> goo
2023-06-22 23:00:35,231 [main] INFO Luma E-Commerce - ooomaaaa>>>>  User able to hover over top men module >>>> goo
2023-06-22 23:00:35,393 [main] INFO Luma E-Commerce - ooomaaaa>>>>  User able to hover over tops inside the men module >>>> goo
2023-06-22 23:00:35,553 [main] INFO Luma E-Commerce - ooomaaaa>>>>  User able to click on jacket>>>> goo
2023-06-23 17:00:51,191 [main] INFO Luma E-Commerce - >>>> Test Execute On Edge Browser>>>>
2023-06-23 17:00:51,712 [main] INFO io.github.bonigarcia.wdm.WebDriverManager - Using msedgedriver 114.0.1823.55 (resolved driver for Edge 114)
2023-06-23 17:00:51,737 [main] INFO io.github.bonigarcia.wdm.WebDriverManager - Exporting webdriver.edge.driver as C:\Users\shant\.cache\selenium\msedgedriver\win64\114.0.1823.55\msedgedriver.exe
2023-06-23 17:00:54,863 [main] INFO Luma E-Commerce - ooomaaaa>>>> User can click on sign In BTN>>>> goo
2023-06-23 17:00:55,894 [main] INFO Luma E-Commerce - ooomaaaa>>>> User can enter the userName>>>> goo
2023-06-23 17:00:56,154 [main] INFO Luma E-Commerce - ooomaaaa>>>>User can enter the Password>>>> goo
2023-06-23 17:00:56,233 [main] INFO Luma E-Commerce - ooomaaaa>>>> User can click on log In BTN>>>> goo
2023-06-23 17:01:02,648 [main] INFO Luma E-Commerce - ooomaaaa>>>> User able to verify user info on the screen>>>> goo
2023-06-23 17:01:02,697 [main] INFO Luma E-Commerce - ooomaaaa>>>>  User able to hover over top men module >>>> goo
2023-06-23 17:01:02,872 [main] INFO Luma E-Commerce - ooomaaaa>>>>  User able to hover over tops inside the men module >>>> goo
2023-06-23 17:01:03,044 [main] INFO Luma E-Commerce - ooomaaaa>>>>  User able to click on jacket>>>> goo
2023-06-23 17:12:01,107 [main] INFO Luma E-Commerce - >>>> Test Execute On Edge Browser>>>>
2023-06-23 17:12:01,273 [main] INFO io.github.bonigarcia.wdm.WebDriverManager - Using msedgedriver 114.0.1823.55 (resolved driver for Edge 114)
2023-06-23 17:12:01,296 [main] INFO io.github.bonigarcia.wdm.WebDriverManager - Exporting webdriver.edge.driver as C:\Users\shant\.cache\selenium\msedgedriver\win64\114.0.1823.55\msedgedriver.exe
2023-06-23 17:12:05,525 [main] INFO Luma E-Commerce - ooomaaaa>>>> User can click on sign In BTN>>>> goo
2023-06-23 17:12:06,541 [main] INFO Luma E-Commerce - ooomaaaa>>>> User can enter the userName>>>> goo
2023-06-23 17:12:06,805 [main] INFO Luma E-Commerce - ooomaaaa>>>>User can enter the Password>>>> goo
2023-06-23 17:12:06,882 [main] INFO Luma E-Commerce - ooomaaaa>>>> User can click on log In BTN>>>> goo
2023-06-23 17:12:13,245 [main] INFO Luma E-Commerce - ooomaaaa>>>> User able to verify user info on the screen>>>> goo
2023-06-23 17:12:13,297 [main] INFO Luma E-Commerce - ooomaaaa>>>>  User able to hover over top men module >>>> goo
2023-06-23 17:12:13,468 [main] INFO Luma E-Commerce - ooomaaaa>>>>  User able to hover over tops inside the men module >>>> goo
2023-06-23 17:12:44,680 [main] INFO Luma E-Commerce - >>>> Test Execute On Edge Browser>>>>
2023-06-23 17:12:44,833 [main] INFO io.github.bonigarcia.wdm.WebDriverManager - Using msedgedriver 114.0.1823.55 (resolved driver for Edge 114)
2023-06-23 17:12:44,861 [main] INFO io.github.bonigarcia.wdm.WebDriverManager - Exporting webdriver.edge.driver as C:\Users\shant\.cache\selenium\msedgedriver\win64\114.0.1823.55\msedgedriver.exe
2023-06-23 17:12:49,510 [main] INFO Luma E-Commerce - ooomaaaa>>>> User can click on sign In BTN>>>> goo
2023-06-23 17:12:50,497 [main] INFO Luma E-Commerce - ooomaaaa>>>> User can enter the userName>>>> goo
2023-06-23 17:12:50,717 [main] INFO Luma E-Commerce - ooomaaaa>>>>User can enter the Password>>>> goo
2023-06-23 17:12:50,793 [main] INFO Luma E-Commerce - ooomaaaa>>>> User can click on log In BTN>>>> goo
2023-06-23 17:12:57,118 [main] INFO Luma E-Commerce - ooomaaaa>>>> User able to verify user info on the screen>>>> goo
2023-06-23 17:12:57,169 [main] INFO Luma E-Commerce - ooomaaaa>>>>  User able to hover over top men module >>>> goo
2023-06-23 17:12:57,330 [main] INFO Luma E-Commerce - ooomaaaa>>>>  User able to hover over tops inside the men module >>>> goo
2023-06-23 17:12:57,491 [main] INFO Luma E-Commerce - ooomaaaa>>>>  User able to click on jacket>>>> goo
2023-06-23 17:14:53,792 [main] INFO Luma E-Commerce - >>>> Test Execute On Edge Browser>>>>
2023-06-23 17:14:53,954 [main] INFO io.github.bonigarcia.wdm.WebDriverManager - Using msedgedriver 114.0.1823.55 (resolved driver for Edge 114)
2023-06-23 17:14:53,978 [main] INFO io.github.bonigarcia.wdm.WebDriverManager - Exporting webdriver.edge.driver as C:\Users\shant\.cache\selenium\msedgedriver\win64\114.0.1823.55\msedgedriver.exe
2023-06-23 17:14:59,408 [main] INFO Luma E-Commerce - ooomaaaa>>>> User can click on sign In BTN>>>> goo
2023-06-23 17:15:00,451 [main] INFO Luma E-Commerce - ooomaaaa>>>> User can enter the userName>>>> goo
2023-06-23 17:15:00,713 [main] INFO Luma E-Commerce - ooomaaaa>>>>User can enter the Password>>>> goo
2023-06-23 17:15:00,790 [main] INFO Luma E-Commerce - ooomaaaa>>>> User can click on log In BTN>>>> goo
2023-06-23 17:15:07,460 [main] INFO Luma E-Commerce - ooomaaaa>>>> User able to verify user info on the screen>>>> goo
2023-06-23 17:15:07,510 [main] INFO Luma E-Commerce - ooomaaaa>>>>  User able to hover over top men module >>>> goo
2023-06-23 17:15:07,681 [main] INFO Luma E-Commerce - ooomaaaa>>>>  User able to hover over tops inside the men module >>>> goo
2023-06-23 17:15:07,854 [main] INFO Luma E-Commerce - ooomaaaa>>>>  User able to click on jacket>>>> goo
2023-06-23 17:26:31,735 [main] INFO Luma E-Commerce - >>>> Test Execute On Edge Browser>>>>
2023-06-23 17:26:31,897 [main] INFO io.github.bonigarcia.wdm.WebDriverManager - Using msedgedriver 114.0.1823.55 (resolved driver for Edge 114)
2023-06-23 17:26:31,918 [main] INFO io.github.bonigarcia.wdm.WebDriverManager - Exporting webdriver.edge.driver as C:\Users\shant\.cache\selenium\msedgedriver\win64\114.0.1823.55\msedgedriver.exe
2023-06-23 17:26:36,796 [main] INFO Luma E-Commerce - ooomaaaa>>>> User can click on sign In BTN>>>> goo
2023-06-23 17:26:38,015 [main] INFO Luma E-Commerce - ooomaaaa>>>> User can enter the userName>>>> goo
2023-06-23 17:26:38,264 [main] INFO Luma E-Commerce - ooomaaaa>>>>User can enter the Password>>>> goo
2023-06-23 17:26:38,343 [main] INFO Luma E-Commerce - ooomaaaa>>>> User can click on log In BTN>>>> goo
2023-06-23 17:26:44,674 [main] INFO Luma E-Commerce - ooomaaaa>>>> User able to verify user info on the screen>>>> goo
2023-06-23 17:26:44,721 [main] INFO Luma E-Commerce - ooomaaaa>>>>  User able to hover over top men module >>>> goo
2023-06-23 17:26:44,886 [main] INFO Luma E-Commerce - ooomaaaa>>>>  User able to hover over tops inside the men module >>>> goo
2023-06-23 17:27:25,885 [main] INFO Luma E-Commerce - >>>> Test Execute On Edge Browser>>>>
2023-06-23 17:27:26,047 [main] INFO io.github.bonigarcia.wdm.WebDriverManager - Using msedgedriver 114.0.1823.55 (resolved driver for Edge 114)
2023-06-23 17:27:26,066 [main] INFO io.github.bonigarcia.wdm.WebDriverManager - Exporting webdriver.edge.driver as C:\Users\shant\.cache\selenium\msedgedriver\win64\114.0.1823.55\msedgedriver.exe
2023-06-23 17:27:30,507 [main] INFO Luma E-Commerce - ooomaaaa>>>> User can click on sign In BTN>>>> goo
2023-06-23 17:27:31,560 [main] INFO Luma E-Commerce - ooomaaaa>>>> User can enter the userName>>>> goo
2023-06-23 17:27:31,810 [main] INFO Luma E-Commerce - ooomaaaa>>>>User can enter the Password>>>> goo
2023-06-23 17:27:31,887 [main] INFO Luma E-Commerce - ooomaaaa>>>> User can click on log In BTN>>>> goo
2023-06-23 17:27:38,135 [main] INFO Luma E-Commerce - ooomaaaa>>>> User able to verify user info on the screen>>>> goo
2023-06-23 17:27:38,186 [main] INFO Luma E-Commerce - ooomaaaa>>>>  User able to hover over top men module >>>> goo
2023-06-23 17:27:38,358 [main] INFO Luma E-Commerce - ooomaaaa>>>>  User able to hover over tops inside the men module >>>> goo
2023-06-23 17:27:38,529 [main] INFO Luma E-Commerce - ooomaaaa>>>>  User able to click on jacket>>>> goo
2023-06-23 17:37:58,096 [main] INFO Luma E-Commerce - >>>> Test Execute On Edge Browser>>>>
2023-06-23 17:37:58,261 [main] INFO io.github.bonigarcia.wdm.WebDriverManager - Using msedgedriver 114.0.1823.55 (resolved driver for Edge 114)
2023-06-23 17:37:58,283 [main] INFO io.github.bonigarcia.wdm.WebDriverManager - Exporting webdriver.edge.driver as C:\Users\shant\.cache\selenium\msedgedriver\win64\114.0.1823.55\msedgedriver.exe
2023-06-23 17:38:02,343 [main] INFO Luma E-Commerce - ooomaaaa>>>> User can click on sign In BTN>>>> goo
2023-06-23 17:38:03,870 [main] INFO Luma E-Commerce - ooomaaaa>>>> User can enter the userName>>>> goo
2023-06-23 17:38:04,119 [main] INFO Luma E-Commerce - ooomaaaa>>>>User can enter the Password>>>> goo
2023-06-23 17:38:04,194 [main] INFO Luma E-Commerce - ooomaaaa>>>> User can click on log In BTN>>>> goo
2023-06-23 17:38:10,646 [main] INFO Luma E-Commerce - ooomaaaa>>>> User able to verify user info on the screen>>>> goo
2023-06-23 17:38:10,701 [main] INFO Luma E-Commerce - ooomaaaa>>>>  User able to hover over top men module >>>> goo
2023-06-23 17:38:10,864 [main] INFO Luma E-Commerce - ooomaaaa>>>>  User able to hover over tops inside the men module >>>> goo
2023-06-23 17:38:11,033 [main] INFO Luma E-Commerce - ooomaaaa>>>>  User able to click on jacket>>>> goo
2023-06-23 17:39:58,160 [main] INFO Luma E-Commerce - >>>> Test Execute On Edge Browser>>>>
2023-06-23 17:39:58,328 [main] INFO io.github.bonigarcia.wdm.WebDriverManager - Using msedgedriver 114.0.1823.55 (resolved driver for Edge 114)
2023-06-23 17:39:58,349 [main] INFO io.github.bonigarcia.wdm.WebDriverManager - Exporting webdriver.edge.driver as C:\Users\shant\.cache\selenium\msedgedriver\win64\114.0.1823.55\msedgedriver.exe
2023-06-23 17:40:02,240 [main] INFO Luma E-Commerce - ooomaaaa>>>> User can click on sign In BTN>>>> goo
2023-06-23 17:40:03,151 [main] INFO Luma E-Commerce - ooomaaaa>>>> User can enter the userName>>>> goo
2023-06-23 17:40:03,382 [main] INFO Luma E-Commerce - ooomaaaa>>>>User can enter the Password>>>> goo
2023-06-23 17:40:03,458 [main] INFO Luma E-Commerce - ooomaaaa>>>> User can click on log In BTN>>>> goo
2023-06-23 17:40:10,104 [main] INFO Luma E-Commerce - ooomaaaa>>>> User able to verify user info on the screen>>>> goo
2023-06-23 17:40:10,153 [main] INFO Luma E-Commerce - ooomaaaa>>>>  User able to hover over top men module >>>> goo
2023-06-23 17:40:10,327 [main] INFO Luma E-Commerce - ooomaaaa>>>>  User able to hover over tops inside the men module >>>> goo
2023-06-23 17:40:55,127 [main] INFO Luma E-Commerce - >>>> Test Execute On Edge Browser>>>>
2023-06-23 17:40:55,293 [main] INFO io.github.bonigarcia.wdm.WebDriverManager - Using msedgedriver 114.0.1823.55 (resolved driver for Edge 114)
2023-06-23 17:40:55,315 [main] INFO io.github.bonigarcia.wdm.WebDriverManager - Exporting webdriver.edge.driver as C:\Users\shant\.cache\selenium\msedgedriver\win64\114.0.1823.55\msedgedriver.exe
2023-06-23 17:40:59,942 [main] INFO Luma E-Commerce - ooomaaaa>>>> User can click on sign In BTN>>>> goo
2023-06-23 17:41:01,010 [main] INFO Luma E-Commerce - ooomaaaa>>>> User can enter the userName>>>> goo
2023-06-23 17:41:01,259 [main] INFO Luma E-Commerce - ooomaaaa>>>>User can enter the Password>>>> goo
2023-06-23 17:41:01,345 [main] INFO Luma E-Commerce - ooomaaaa>>>> User can click on log In BTN>>>> goo
2023-06-23 17:41:07,813 [main] INFO Luma E-Commerce - ooomaaaa>>>> User able to verify user info on the screen>>>> goo
2023-06-23 17:41:07,864 [main] INFO Luma E-Commerce - ooomaaaa>>>>  User able to hover over top men module >>>> goo
2023-06-23 17:41:08,043 [main] INFO Luma E-Commerce - ooomaaaa>>>>  User able to hover over tops inside the men module >>>> goo
2023-06-23 17:41:27,839 [main] INFO Luma E-Commerce - >>>> Test Execute On Edge Browser>>>>
2023-06-23 17:41:28,005 [main] INFO io.github.bonigarcia.wdm.WebDriverManager - Using msedgedriver 114.0.1823.55 (resolved driver for Edge 114)
2023-06-23 17:41:28,028 [main] INFO io.github.bonigarcia.wdm.WebDriverManager - Exporting webdriver.edge.driver as C:\Users\shant\.cache\selenium\msedgedriver\win64\114.0.1823.55\msedgedriver.exe
2023-06-23 17:41:32,703 [main] INFO Luma E-Commerce - ooomaaaa>>>> User can click on sign In BTN>>>> goo
2023-06-23 17:41:33,705 [main] INFO Luma E-Commerce - ooomaaaa>>>> User can enter the userName>>>> goo
2023-06-23 17:41:33,971 [main] INFO Luma E-Commerce - ooomaaaa>>>>User can enter the Password>>>> goo
2023-06-23 17:41:34,047 [main] INFO Luma E-Commerce - ooomaaaa>>>> User can click on log In BTN>>>> goo
2023-06-23 17:41:40,365 [main] INFO Luma E-Commerce - ooomaaaa>>>> User able to verify user info on the screen>>>> goo
2023-06-23 17:41:40,419 [main] INFO Luma E-Commerce - ooomaaaa>>>>  User able to hover over top men module >>>> goo
2023-06-23 17:41:40,591 [main] INFO Luma E-Commerce - ooomaaaa>>>>  User able to hover over tops inside the men module >>>> goo
2023-06-23 17:41:40,775 [main] INFO Luma E-Commerce - ooomaaaa>>>>  User able to click on jacket>>>> goo
2023-06-23 18:35:52,549 [main] INFO Luma E-Commerce - >>>> Test Execute On Edge Browser>>>>
2023-06-23 18:35:52,942 [main] INFO io.github.bonigarcia.wdm.WebDriverManager - Using msedgedriver 114.0.1823.55 (resolved driver for Edge 114)
2023-06-23 18:35:52,967 [main] INFO io.github.bonigarcia.wdm.WebDriverManager - Exporting webdriver.edge.driver as C:\Users\shant\.cache\selenium\msedgedriver\win64\114.0.1823.55\msedgedriver.exe
2023-06-23 18:35:57,021 [main] INFO Luma E-Commerce - ooomaaaa>>>> User can click on sign In BTN>>>> goo
2023-06-23 18:35:58,441 [main] INFO Luma E-Commerce - ooomaaaa>>>> User can enter the userName>>>> goo
2023-06-23 18:35:58,635 [main] INFO Luma E-Commerce - ooomaaaa>>>>User can enter the Password>>>> goo
2023-06-23 18:35:58,711 [main] INFO Luma E-Commerce - ooomaaaa>>>> User can click on log In BTN>>>> goo
2023-06-23 18:36:05,471 [main] INFO Luma E-Commerce - ooomaaaa>>>> User able to verify user info on the screen>>>> goo
2023-06-23 18:38:35,880 [main] INFO Luma E-Commerce - >>>> Test Execute On Chrome Browser>>>>
2023-06-23 18:38:36,047 [main] INFO io.github.bonigarcia.wdm.WebDriverManager - Using chromedriver 114.0.5735.90 (resolved driver for Chrome 114)
2023-06-23 18:38:36,066 [main] INFO io.github.bonigarcia.wdm.WebDriverManager - Exporting webdriver.chrome.driver as C:\Users\shant\.cache\selenium\chromedriver\win32\114.0.5735.90\chromedriver.exe
2023-06-23 18:38:39,401 [main] INFO Luma E-Commerce - ooomaaaa>>>> User can click on sign In BTN>>>> goo
2023-06-23 18:38:40,443 [main] INFO Luma E-Commerce - ooomaaaa>>>> User can enter the userName>>>> goo
2023-06-23 18:38:40,712 [main] INFO Luma E-Commerce - ooomaaaa>>>>User can enter the Password>>>> goo
2023-06-23 18:38:40,786 [main] INFO Luma E-Commerce - ooomaaaa>>>> User can click on log In BTN>>>> goo
2023-06-23 18:38:47,193 [main] INFO Luma E-Commerce - ooomaaaa>>>> User able to verify user info on the screen>>>> goo
2023-06-23 18:39:34,377 [main] INFO Luma E-Commerce - >>>> Test Execute On Chrome Browser>>>>
2023-06-23 18:39:34,540 [main] INFO io.github.bonigarcia.wdm.WebDriverManager - Using chromedriver 114.0.5735.90 (resolved driver for Chrome 114)
2023-06-23 18:39:34,560 [main] INFO io.github.bonigarcia.wdm.WebDriverManager - Exporting webdriver.chrome.driver as C:\Users\shant\.cache\selenium\chromedriver\win32\114.0.5735.90\chromedriver.exe
2023-06-23 18:39:37,093 [main] INFO Luma E-Commerce - ooomaaaa>>>> User can click on sign In BTN>>>> goo
2023-06-23 18:39:38,100 [main] INFO Luma E-Commerce - ooomaaaa>>>> User can enter the userName>>>> goo
2023-06-23 18:39:38,356 [main] INFO Luma E-Commerce - ooomaaaa>>>>User can enter the Password>>>> goo
2023-06-23 18:39:38,432 [main] INFO Luma E-Commerce - ooomaaaa>>>> User can click on log In BTN>>>> goo
2023-06-23 18:39:44,663 [main] INFO Luma E-Commerce - ooomaaaa>>>> User able to verify user info on the screen>>>> goo
2023-06-23 18:40:44,413 [main] INFO Luma E-Commerce - >>>> Test Execute On Edge Browser>>>>
2023-06-23 18:40:44,579 [main] INFO io.github.bonigarcia.wdm.WebDriverManager - Using msedgedriver 114.0.1823.55 (resolved driver for Edge 114)
2023-06-23 18:40:44,603 [main] INFO io.github.bonigarcia.wdm.WebDriverManager - Exporting webdriver.edge.driver as C:\Users\shant\.cache\selenium\msedgedriver\win64\114.0.1823.55\msedgedriver.exe
2023-06-23 18:40:48,779 [main] INFO Luma E-Commerce - ooomaaaa>>>> User can click on sign In BTN>>>> goo
2023-06-23 18:40:50,252 [main] INFO Luma E-Commerce - ooomaaaa>>>> User can enter the userName>>>> goo
2023-06-23 18:40:50,497 [main] INFO Luma E-Commerce - ooomaaaa>>>>User can enter the Password>>>> goo
2023-06-23 18:40:50,584 [main] INFO Luma E-Commerce - ooomaaaa>>>> User can click on log In BTN>>>> goo
2023-06-23 18:40:56,814 [main] INFO Luma E-Commerce - ooomaaaa>>>> User able to verify user info on the screen>>>> goo
2023-06-23 18:42:11,039 [main] INFO Luma E-Commerce - >>>> Test Execute On Edge Browser>>>>
2023-06-23 18:42:11,205 [main] INFO io.github.bonigarcia.wdm.WebDriverManager - Using msedgedriver 114.0.1823.55 (resolved driver for Edge 114)
2023-06-23 18:42:11,225 [main] INFO io.github.bonigarcia.wdm.WebDriverManager - Exporting webdriver.edge.driver as C:\Users\shant\.cache\selenium\msedgedriver\win64\114.0.1823.55\msedgedriver.exe
2023-06-23 18:42:15,961 [main] INFO Luma E-Commerce - ooomaaaa>>>> User can click on sign In BTN>>>> goo
2023-06-23 18:42:16,958 [main] INFO Luma E-Commerce - ooomaaaa>>>> User can enter the userName>>>> goo
2023-06-23 18:42:17,195 [main] INFO Luma E-Commerce - ooomaaaa>>>>User can enter the Password>>>> goo
2023-06-23 18:42:17,272 [main] INFO Luma E-Commerce - ooomaaaa>>>> User can click on log In BTN>>>> goo
2023-06-23 18:42:23,590 [main] INFO Luma E-Commerce - ooomaaaa>>>> User able to verify user info on the screen>>>> goo
2023-06-23 18:43:38,019 [main] INFO Luma E-Commerce - >>>> Test Execute On Edge Browser>>>>
2023-06-23 18:43:38,191 [main] INFO io.github.bonigarcia.wdm.WebDriverManager - Using msedgedriver 114.0.1823.55 (resolved driver for Edge 114)
2023-06-23 18:43:38,221 [main] INFO io.github.bonigarcia.wdm.WebDriverManager - Exporting webdriver.edge.driver as C:\Users\shant\.cache\selenium\msedgedriver\win64\114.0.1823.55\msedgedriver.exe
2023-06-23 18:43:42,102 [main] INFO Luma E-Commerce - ooomaaaa>>>> User can click on sign In BTN>>>> goo
2023-06-23 18:43:43,036 [main] INFO Luma E-Commerce - ooomaaaa>>>> User can enter the userName>>>> goo
2023-06-23 18:43:43,251 [main] INFO Luma E-Commerce - ooomaaaa>>>>User can enter the Password>>>> goo
2023-06-23 18:43:43,324 [main] INFO Luma E-Commerce - ooomaaaa>>>> User can click on log In BTN>>>> goo
2023-06-23 18:43:49,521 [main] INFO Luma E-Commerce - ooomaaaa>>>> User able to verify user info on the screen>>>> goo
2023-06-23 18:49:09,321 [main] INFO Luma E-Commerce - >>>> Test Execute On Edge Browser>>>>
2023-06-23 18:49:09,481 [main] INFO io.github.bonigarcia.wdm.WebDriverManager - Using msedgedriver 114.0.1823.55 (resolved driver for Edge 114)
2023-06-23 18:49:09,503 [main] INFO io.github.bonigarcia.wdm.WebDriverManager - Exporting webdriver.edge.driver as C:\Users\shant\.cache\selenium\msedgedriver\win64\114.0.1823.55\msedgedriver.exe
2023-06-23 18:49:13,159 [main] INFO Luma E-Commerce - ooomaaaa>>>> User can click on sign In BTN>>>> goo
2023-06-23 18:49:14,115 [main] INFO Luma E-Commerce - ooomaaaa>>>> User can enter the userName>>>> goo
2023-06-23 18:49:14,372 [main] INFO Luma E-Commerce - ooomaaaa>>>>User can enter the Password>>>> goo
2023-06-23 18:49:14,448 [main] INFO Luma E-Commerce - ooomaaaa>>>> User can click on log In BTN>>>> goo
2023-06-23 18:49:20,690 [main] INFO Luma E-Commerce - ooomaaaa>>>> User able to verify user info on the screen>>>> goo
2023-06-23 18:55:52,288 [main] INFO Luma E-Commerce - >>>> Test Execute On Edge Browser>>>>
2023-06-23 18:55:52,465 [main] INFO io.github.bonigarcia.wdm.WebDriverManager - Using msedgedriver 114.0.1823.55 (resolved driver for Edge 114)
2023-06-23 18:55:52,491 [main] INFO io.github.bonigarcia.wdm.WebDriverManager - Exporting webdriver.edge.driver as C:\Users\shant\.cache\selenium\msedgedriver\win64\114.0.1823.55\msedgedriver.exe
2023-06-23 18:55:57,663 [main] INFO Luma E-Commerce - ooomaaaa>>>> User can click on sign In BTN>>>> goo
2023-06-23 18:55:58,615 [main] INFO Luma E-Commerce - ooomaaaa>>>> User can enter the userName>>>> goo
2023-06-23 18:55:58,838 [main] INFO Luma E-Commerce - ooomaaaa>>>>User can enter the Password>>>> goo
2023-06-23 18:55:58,918 [main] INFO Luma E-Commerce - ooomaaaa>>>> User can click on log In BTN>>>> goo
2023-06-23 18:56:05,424 [main] INFO Luma E-Commerce - ooomaaaa>>>> User able to verify user info on the screen>>>> goo
2023-06-23 19:00:12,734 [main] INFO Luma E-Commerce - >>>> Test Execute On Chrome Browser>>>>
2023-06-23 19:00:12,893 [main] INFO io.github.bonigarcia.wdm.WebDriverManager - Using chromedriver 114.0.5735.90 (resolved driver for Chrome 114)
2023-06-23 19:00:12,914 [main] INFO io.github.bonigarcia.wdm.WebDriverManager - Exporting webdriver.chrome.driver as C:\Users\shant\.cache\selenium\chromedriver\win32\114.0.5735.90\chromedriver.exe
2023-06-23 19:00:15,844 [main] INFO Luma E-Commerce - ooomaaaa>>>> User can click on sign In BTN>>>> goo
2023-06-23 19:00:16,792 [main] INFO Luma E-Commerce - ooomaaaa>>>> User can enter the userName>>>> goo
2023-06-23 19:00:17,056 [main] INFO Luma E-Commerce - ooomaaaa>>>>User can enter the Password>>>> goo
2023-06-23 19:00:17,134 [main] INFO Luma E-Commerce - ooomaaaa>>>> User can click on log In BTN>>>> goo
2023-06-23 19:00:23,540 [main] INFO Luma E-Commerce - ooomaaaa>>>> User able to verify user info on the screen>>>> goo
2023-06-23 19:05:27,244 [main] INFO Luma E-Commerce - >>>> Test Execute On Chrome Browser>>>>
2023-06-23 19:05:27,405 [main] INFO io.github.bonigarcia.wdm.WebDriverManager - Using chromedriver 114.0.5735.90 (resolved driver for Chrome 114)
2023-06-23 19:05:27,425 [main] INFO io.github.bonigarcia.wdm.WebDriverManager - Exporting webdriver.chrome.driver as C:\Users\shant\.cache\selenium\chromedriver\win32\114.0.5735.90\chromedriver.exe
2023-06-23 19:05:30,142 [main] INFO Luma E-Commerce - ooomaaaa>>>> User can click on sign In BTN>>>> goo
2023-06-23 19:05:31,054 [main] INFO Luma E-Commerce - ooomaaaa>>>> User can enter the userName>>>> goo
2023-06-23 19:05:31,289 [main] INFO Luma E-Commerce - ooomaaaa>>>>User can enter the Password>>>> goo
2023-06-23 19:05:31,373 [main] INFO Luma E-Commerce - ooomaaaa>>>> User can click on log In BTN>>>> goo
2023-06-23 19:05:37,640 [main] INFO Luma E-Commerce - ooomaaaa>>>> User able to verify user info on the screen>>>> goo
2023-06-23 19:06:53,166 [main] INFO Luma E-Commerce - >>>> Test Execute On Chrome Browser>>>>
2023-06-23 19:06:53,330 [main] INFO io.github.bonigarcia.wdm.WebDriverManager - Using chromedriver 114.0.5735.90 (resolved driver for Chrome 114)
2023-06-23 19:06:53,351 [main] INFO io.github.bonigarcia.wdm.WebDriverManager - Exporting webdriver.chrome.driver as C:\Users\shant\.cache\selenium\chromedriver\win32\114.0.5735.90\chromedriver.exe
2023-06-23 19:06:56,121 [main] INFO Luma E-Commerce - ooomaaaa>>>> User can click on sign In BTN>>>> goo
2023-06-23 19:06:57,234 [main] INFO Luma E-Commerce - ooomaaaa>>>> User can enter the userName>>>> goo
2023-06-23 19:06:57,492 [main] INFO Luma E-Commerce - ooomaaaa>>>>User can enter the Password>>>> goo
2023-06-23 19:06:57,568 [main] INFO Luma E-Commerce - ooomaaaa>>>> User can click on log In BTN>>>> goo
2023-06-23 19:07:03,793 [main] INFO Luma E-Commerce - ooomaaaa>>>> User able to verify user info on the screen>>>> goo
2023-06-23 19:09:00,326 [main] INFO Luma E-Commerce - >>>> Test Execute On Chrome Browser>>>>
2023-06-23 19:09:00,491 [main] INFO io.github.bonigarcia.wdm.WebDriverManager - Using chromedriver 114.0.5735.90 (resolved driver for Chrome 114)
2023-06-23 19:09:00,513 [main] INFO io.github.bonigarcia.wdm.WebDriverManager - Exporting webdriver.chrome.driver as C:\Users\shant\.cache\selenium\chromedriver\win32\114.0.5735.90\chromedriver.exe
2023-06-23 19:09:03,015 [main] INFO Luma E-Commerce - ooomaaaa>>>> User can click on sign In BTN>>>> goo
2023-06-23 19:09:03,928 [main] INFO Luma E-Commerce - ooomaaaa>>>> User can enter the userName>>>> goo
2023-06-23 19:09:04,181 [main] INFO Luma E-Commerce - ooomaaaa>>>>User can enter the Password>>>> goo
2023-06-23 19:09:04,266 [main] INFO Luma E-Commerce - ooomaaaa>>>> User can click on log In BTN>>>> goo
2023-06-23 19:09:10,587 [main] INFO Luma E-Commerce - ooomaaaa>>>> User able to verify user info on the screen>>>> goo
2023-06-23 19:11:06,205 [main] INFO Luma E-Commerce - >>>> Test Execute On Chrome Browser>>>>
2023-06-23 19:11:06,370 [main] INFO io.github.bonigarcia.wdm.WebDriverManager - Using chromedriver 114.0.5735.90 (resolved driver for Chrome 114)
2023-06-23 19:11:06,391 [main] INFO io.github.bonigarcia.wdm.WebDriverManager - Exporting webdriver.chrome.driver as C:\Users\shant\.cache\selenium\chromedriver\win32\114.0.5735.90\chromedriver.exe
2023-06-23 19:11:10,179 [main] INFO Luma E-Commerce - ooomaaaa>>>> User can click on sign In BTN>>>> goo
2023-06-23 19:11:11,250 [main] INFO Luma E-Commerce - ooomaaaa>>>> User can enter the userName>>>> goo
2023-06-23 19:11:11,499 [main] INFO Luma E-Commerce - ooomaaaa>>>>User can enter the Password>>>> goo
2023-06-23 19:11:11,584 [main] INFO Luma E-Commerce - ooomaaaa>>>> User can click on log In BTN>>>> goo
2023-06-23 19:11:17,934 [main] INFO Luma E-Commerce - ooomaaaa>>>> User able to verify user info on the screen>>>> goo
2023-06-23 19:11:17,986 [main] INFO Luma E-Commerce - ooomaaaa>>>>  User able to hover over top men module >>>> goo
2023-06-23 19:11:18,145 [main] INFO Luma E-Commerce - ooomaaaa>>>>  User able to hover over tops inside the men module >>>> goo
2023-06-23 19:11:18,302 [main] INFO Luma E-Commerce - ooomaaaa>>>>  User able to click on jacket>>>> goo
2023-06-23 19:17:45,269 [main] INFO Luma E-Commerce - >>>> Test Execute On Chrome Browser>>>>
2023-06-23 19:17:45,430 [main] INFO io.github.bonigarcia.wdm.WebDriverManager - Using chromedriver 114.0.5735.90 (resolved driver for Chrome 114)
2023-06-23 19:17:45,453 [main] INFO io.github.bonigarcia.wdm.WebDriverManager - Exporting webdriver.chrome.driver as C:\Users\shant\.cache\selenium\chromedriver\win32\114.0.5735.90\chromedriver.exe
2023-06-23 19:17:48,343 [main] INFO Luma E-Commerce - ooomaaaa>>>> User can click on sign In BTN>>>> goo
2023-06-23 19:17:49,440 [main] INFO Luma E-Commerce - ooomaaaa>>>> User can enter the userName>>>> goo
2023-06-23 19:17:49,680 [main] INFO Luma E-Commerce - ooomaaaa>>>>User can enter the Password>>>> goo
2023-06-23 19:17:49,758 [main] INFO Luma E-Commerce - ooomaaaa>>>> User can click on log In BTN>>>> goo
2023-06-23 19:17:56,319 [main] INFO Luma E-Commerce - ooomaaaa>>>> User able to verify user info on the screen>>>> goo
2023-06-23 19:17:56,371 [main] INFO Luma E-Commerce - ooomaaaa>>>>  User able to hover over top men module >>>> goo
2023-06-23 19:17:56,549 [main] INFO Luma E-Commerce - ooomaaaa>>>>  User able to hover over tops inside the men module >>>> goo
2023-06-23 19:17:56,707 [main] INFO Luma E-Commerce - ooomaaaa>>>>  User able to click on jacket>>>> goo
2023-06-23 19:19:30,605 [main] INFO Luma E-Commerce - >>>> Test Execute On Chrome Browser>>>>
2023-06-23 19:19:30,771 [main] INFO io.github.bonigarcia.wdm.WebDriverManager - Using chromedriver 114.0.5735.90 (resolved driver for Chrome 114)
2023-06-23 19:19:30,793 [main] INFO io.github.bonigarcia.wdm.WebDriverManager - Exporting webdriver.chrome.driver as C:\Users\shant\.cache\selenium\chromedriver\win32\114.0.5735.90\chromedriver.exe
2023-06-23 19:19:33,325 [main] INFO Luma E-Commerce - ooomaaaa>>>> User can click on sign In BTN>>>> goo
2023-06-23 19:19:34,213 [main] INFO Luma E-Commerce - ooomaaaa>>>> User can enter the userName>>>> goo
2023-06-23 19:19:34,503 [main] INFO Luma E-Commerce - ooomaaaa>>>>User can enter the Password>>>> goo
2023-06-23 19:19:34,592 [main] INFO Luma E-Commerce - ooomaaaa>>>> User can click on log In BTN>>>> goo
2023-06-23 19:19:40,920 [main] INFO Luma E-Commerce - ooomaaaa>>>> User able to verify user info on the screen>>>> goo
2023-06-23 19:19:40,972 [main] INFO Luma E-Commerce - ooomaaaa>>>>  User able to hover over top men module >>>> goo
2023-06-23 19:19:41,132 [main] INFO Luma E-Commerce - ooomaaaa>>>>  User able to hover over tops inside the men module >>>> goo
2023-06-23 19:19:41,293 [main] INFO Luma E-Commerce - ooomaaaa>>>>  User able to click on jacket>>>> goo
2023-06-23 19:23:58,232 [main] INFO Luma E-Commerce - >>>> Test Execute On Chrome Browser>>>>
2023-06-23 19:23:58,385 [main] INFO io.github.bonigarcia.wdm.WebDriverManager - Using chromedriver 114.0.5735.90 (resolved driver for Chrome 114)
2023-06-23 19:23:58,407 [main] INFO io.github.bonigarcia.wdm.WebDriverManager - Exporting webdriver.chrome.driver as C:\Users\shant\.cache\selenium\chromedriver\win32\114.0.5735.90\chromedriver.exe
2023-06-23 19:24:01,499 [main] INFO Luma E-Commerce - ooomaaaa>>>> User can click on sign In BTN>>>> goo
2023-06-23 19:24:02,696 [main] INFO Luma E-Commerce - ooomaaaa>>>> User can enter the userName>>>> goo
2023-06-23 19:24:02,974 [main] INFO Luma E-Commerce - ooomaaaa>>>>User can enter the Password>>>> goo
2023-06-23 19:24:03,056 [main] INFO Luma E-Commerce - ooomaaaa>>>> User can click on log In BTN>>>> goo
2023-06-23 19:24:09,381 [main] INFO Luma E-Commerce - ooomaaaa>>>> User able to verify user info on the screen>>>> goo
2023-06-23 19:24:09,433 [main] INFO Luma E-Commerce - ooomaaaa>>>>  User able to hover over top men module >>>> goo
2023-06-23 19:24:09,604 [main] INFO Luma E-Commerce - ooomaaaa>>>>  User able to hover over tops inside the men module >>>> goo
2023-06-23 19:24:09,760 [main] INFO Luma E-Commerce - ooomaaaa>>>>  User able to click on jacket>>>> goo
2023-06-23 19:36:04,351 [main] INFO Luma E-Commerce - >>>> Test Execute On Chrome Browser>>>>
2023-06-23 19:36:04,854 [main] INFO io.github.bonigarcia.wdm.WebDriverManager - Using chromedriver 114.0.5735.90 (resolved driver for Chrome 114)
2023-06-23 19:36:04,876 [main] INFO io.github.bonigarcia.wdm.WebDriverManager - Exporting webdriver.chrome.driver as C:\Users\shant\.cache\selenium\chromedriver\win32\114.0.5735.90\chromedriver.exe
2023-06-23 19:36:07,693 [main] INFO Luma E-Commerce - ooomaaaa>>>> User can click on sign In BTN>>>> goo
2023-06-23 19:36:08,648 [main] INFO Luma E-Commerce - ooomaaaa>>>> User can enter the userName>>>> goo
2023-06-23 19:36:08,875 [main] INFO Luma E-Commerce - ooomaaaa>>>>User can enter the Password>>>> goo
2023-06-23 19:36:08,959 [main] INFO Luma E-Commerce - ooomaaaa>>>> User can click on log In BTN>>>> goo
2023-06-23 19:36:15,346 [main] INFO Luma E-Commerce - ooomaaaa>>>> User able to verify user info on the screen>>>> goo
2023-06-23 19:36:15,397 [main] INFO Luma E-Commerce - ooomaaaa>>>>  User able to hover over top men module >>>> goo
2023-06-23 19:36:15,570 [main] INFO Luma E-Commerce - ooomaaaa>>>>  User able to hover over tops inside the men module >>>> goo
2023-06-23 19:36:15,728 [main] INFO Luma E-Commerce - ooomaaaa>>>>  User able to click on jacket>>>> goo
2023-06-23 19:38:08,206 [main] INFO Luma E-Commerce - >>>> Test Execute On Chrome Browser>>>>
2023-06-23 19:38:08,363 [main] INFO io.github.bonigarcia.wdm.WebDriverManager - Using chromedriver 114.0.5735.90 (resolved driver for Chrome 114)
2023-06-23 19:38:08,385 [main] INFO io.github.bonigarcia.wdm.WebDriverManager - Exporting webdriver.chrome.driver as C:\Users\shant\.cache\selenium\chromedriver\win32\114.0.5735.90\chromedriver.exe
2023-06-23 19:38:11,182 [main] INFO Luma E-Commerce - ooomaaaa>>>> User can click on sign In BTN>>>> goo
2023-06-23 19:38:12,634 [main] INFO Luma E-Commerce - ooomaaaa>>>> User can enter the userName>>>> goo
2023-06-23 19:38:12,891 [main] INFO Luma E-Commerce - ooomaaaa>>>>User can enter the Password>>>> goo
2023-06-23 19:38:12,970 [main] INFO Luma E-Commerce - ooomaaaa>>>> User can click on log In BTN>>>> goo
2023-06-23 19:38:19,226 [main] INFO Luma E-Commerce - ooomaaaa>>>> User able to verify user info on the screen>>>> goo
2023-06-23 19:38:19,279 [main] INFO Luma E-Commerce - ooomaaaa>>>>  User able to hover over top men module >>>> goo
2023-06-23 19:38:19,452 [main] INFO Luma E-Commerce - ooomaaaa>>>>  User able to hover over tops inside the men module >>>> goo
2023-06-23 19:38:19,622 [main] INFO Luma E-Commerce - ooomaaaa>>>>  User able to click on jacket>>>> goo
2023-06-23 20:04:59,044 [main] INFO Luma E-Commerce - >>>> Test Execute On Chrome Browser>>>>
2023-06-23 20:04:59,431 [main] INFO io.github.bonigarcia.wdm.WebDriverManager - Using chromedriver 114.0.5735.90 (resolved driver for Chrome 114)
2023-06-23 20:04:59,460 [main] INFO io.github.bonigarcia.wdm.WebDriverManager - Exporting webdriver.chrome.driver as C:\Users\shant\.cache\selenium\chromedriver\win32\114.0.5735.90\chromedriver.exe
2023-06-23 20:05:02,189 [main] INFO Luma E-Commerce - ooomaaaa>>>> User can click on sign In BTN>>>> goo
2023-06-23 20:05:03,220 [main] INFO Luma E-Commerce - ooomaaaa>>>> User can enter the userName>>>> goo
2023-06-23 20:05:03,476 [main] INFO Luma E-Commerce - ooomaaaa>>>>User can enter the Password>>>> goo
2023-06-23 20:05:03,556 [main] INFO Luma E-Commerce - ooomaaaa>>>> User can click on log In BTN>>>> goo
2023-06-23 20:05:09,994 [main] INFO Luma E-Commerce - ooomaaaa>>>> User able to verify user info on the screen>>>> goo
2023-06-23 20:05:10,042 [main] INFO Luma E-Commerce - ooomaaaa>>>>  User able to hover over top men module >>>> goo
2023-06-23 20:05:10,206 [main] INFO Luma E-Commerce - ooomaaaa>>>>  User able to hover over tops inside the men module >>>> goo
2023-06-23 20:05:10,366 [main] INFO Luma E-Commerce - ooomaaaa>>>>  User able to click on jacket>>>> goo
2023-06-23 20:07:14,416 [main] INFO Luma E-Commerce - >>>> Test Execute On Chrome Browser>>>>
2023-06-23 20:07:14,587 [main] INFO io.github.bonigarcia.wdm.WebDriverManager - Using chromedriver 114.0.5735.90 (resolved driver for Chrome 114)
2023-06-23 20:07:14,607 [main] INFO io.github.bonigarcia.wdm.WebDriverManager - Exporting webdriver.chrome.driver as C:\Users\shant\.cache\selenium\chromedriver\win32\114.0.5735.90\chromedriver.exe
2023-06-23 20:07:17,105 [main] INFO Luma E-Commerce - ooomaaaa>>>> User can click on sign In BTN>>>> goo
2023-06-23 20:07:18,247 [main] INFO Luma E-Commerce - ooomaaaa>>>> User can enter the userName>>>> goo
2023-06-23 20:07:18,504 [main] INFO Luma E-Commerce - ooomaaaa>>>>User can enter the Password>>>> goo
2023-06-23 20:07:18,587 [main] INFO Luma E-Commerce - ooomaaaa>>>> User can click on log In BTN>>>> goo
2023-06-23 20:07:24,843 [main] INFO Luma E-Commerce - ooomaaaa>>>> User able to verify user info on the screen>>>> goo
2023-06-23 20:07:24,892 [main] INFO Luma E-Commerce - ooomaaaa>>>>  User able to hover over top men module >>>> goo
2023-06-23 20:07:25,065 [main] INFO Luma E-Commerce - ooomaaaa>>>>  User able to hover over tops inside the men module >>>> goo
2023-06-23 20:07:25,220 [main] INFO Luma E-Commerce - ooomaaaa>>>>  User able to click on jacket>>>> goo
2023-06-23 20:17:21,667 [main] INFO Luma E-Commerce - >>>> Test Execute On Chrome Browser>>>>
2023-06-23 20:17:21,862 [main] INFO io.github.bonigarcia.wdm.WebDriverManager - Using chromedriver 114.0.5735.90 (resolved driver for Chrome 114)
2023-06-23 20:17:21,886 [main] INFO io.github.bonigarcia.wdm.WebDriverManager - Exporting webdriver.chrome.driver as C:\Users\shant\.cache\selenium\chromedriver\win32\114.0.5735.90\chromedriver.exe
2023-06-23 20:17:24,882 [main] INFO Luma E-Commerce - ooomaaaa>>>> User can click on sign In BTN>>>> goo
2023-06-23 20:17:25,874 [main] INFO Luma E-Commerce - ooomaaaa>>>> User can enter the userName>>>> goo
2023-06-23 20:17:26,136 [main] INFO Luma E-Commerce - ooomaaaa>>>>User can enter the Password>>>> goo
2023-06-23 20:17:26,286 [main] INFO Luma E-Commerce - ooomaaaa>>>> User can click on log In BTN>>>> goo
2023-06-23 20:17:32,491 [main] INFO Luma E-Commerce - ooomaaaa>>>> User able to verify user info on the screen>>>> goo
2023-06-23 20:17:32,544 [main] INFO Luma E-Commerce - ooomaaaa>>>>  User able to hover over top men module >>>> goo
2023-06-23 20:17:32,702 [main] INFO Luma E-Commerce - ooomaaaa>>>>  User able to hover over tops inside the men module >>>> goo
2023-06-23 20:17:32,859 [main] INFO Luma E-Commerce - ooomaaaa>>>>  User able to click on jacket>>>> goo
2023-06-23 20:38:28,911 [main] INFO Luma E-Commerce - >>>> Test Execute On Chrome Browser>>>>
2023-06-23 20:38:29,370 [main] INFO io.github.bonigarcia.wdm.WebDriverManager - Using chromedriver 114.0.5735.90 (resolved driver for Chrome 114)
2023-06-23 20:38:29,408 [main] INFO io.github.bonigarcia.wdm.WebDriverManager - Exporting webdriver.chrome.driver as C:\Users\shant\.cache\selenium\chromedriver\win32\114.0.5735.90\chromedriver.exe
2023-06-23 20:38:32,645 [main] INFO Luma E-Commerce - ooomaaaa>>>> User can click on sign In BTN>>>> goo
2023-06-23 20:38:33,676 [main] INFO Luma E-Commerce - ooomaaaa>>>> User can enter the userName>>>> goo
2023-06-23 20:38:33,989 [main] INFO Luma E-Commerce - ooomaaaa>>>>User can enter the Password>>>> goo
2023-06-23 20:38:34,531 [main] INFO Luma E-Commerce - ooomaaaa>>>> User can click on log In BTN>>>> goo
2023-06-23 20:38:40,838 [main] INFO Luma E-Commerce - ooomaaaa>>>> User able to verify user info on the screen>>>> goo
2023-06-23 20:38:40,892 [main] INFO Luma E-Commerce - ooomaaaa>>>>  User able to hover over top men module >>>> goo
2023-06-23 20:38:41,053 [main] INFO Luma E-Commerce - ooomaaaa>>>>  User able to hover over tops inside the men module >>>> goo
2023-06-23 20:38:41,210 [main] INFO Luma E-Commerce - ooomaaaa>>>>  User able to click on jacket>>>> goo
2023-06-23 20:42:41,018 [main] INFO Luma E-Commerce - >>>> Test Execute On Chrome Browser>>>>
2023-06-23 20:42:41,197 [main] INFO io.github.bonigarcia.wdm.WebDriverManager - Using chromedriver 114.0.5735.90 (resolved driver for Chrome 114)
2023-06-23 20:42:41,220 [main] INFO io.github.bonigarcia.wdm.WebDriverManager - Exporting webdriver.chrome.driver as C:\Users\shant\.cache\selenium\chromedriver\win32\114.0.5735.90\chromedriver.exe
2023-06-23 20:42:44,185 [main] INFO Luma E-Commerce - ooomaaaa>>>> User can click on sign In BTN>>>> goo
2023-06-23 20:42:45,257 [main] INFO Luma E-Commerce - ooomaaaa>>>> User can enter the userName>>>> goo
2023-06-23 20:42:45,526 [main] INFO Luma E-Commerce - ooomaaaa>>>>User can enter the Password>>>> goo
2023-06-23 20:42:45,619 [main] INFO Luma E-Commerce - ooomaaaa>>>> User can click on log In BTN>>>> goo
2023-06-23 20:42:51,906 [main] INFO Luma E-Commerce - ooomaaaa>>>> User able to verify user info on the screen>>>> goo
2023-06-23 20:42:51,963 [main] INFO Luma E-Commerce - ooomaaaa>>>>  User able to hover over top men module >>>> goo
2023-06-23 20:42:52,142 [main] INFO Luma E-Commerce - ooomaaaa>>>>  User able to hover over tops inside the men module >>>> goo
2023-06-23 20:44:10,577 [main] INFO Luma E-Commerce - >>>> Test Execute On Chrome Browser>>>>
2023-06-23 20:44:10,755 [main] INFO io.github.bonigarcia.wdm.WebDriverManager - Using chromedriver 114.0.5735.90 (resolved driver for Chrome 114)
2023-06-23 20:44:10,778 [main] INFO io.github.bonigarcia.wdm.WebDriverManager - Exporting webdriver.chrome.driver as C:\Users\shant\.cache\selenium\chromedriver\win32\114.0.5735.90\chromedriver.exe
2023-06-23 20:44:14,248 [main] INFO Luma E-Commerce - ooomaaaa>>>> User can click on sign In BTN>>>> goo
2023-06-23 20:44:15,188 [main] INFO Luma E-Commerce - ooomaaaa>>>> User can enter the userName>>>> goo
2023-06-23 20:44:15,495 [main] INFO Luma E-Commerce - ooomaaaa>>>>User can enter the Password>>>> goo
2023-06-23 20:44:15,576 [main] INFO Luma E-Commerce - ooomaaaa>>>> User can click on log In BTN>>>> goo
2023-06-23 20:44:21,864 [main] INFO Luma E-Commerce - ooomaaaa>>>> User able to verify user info on the screen>>>> goo
2023-06-23 20:44:21,923 [main] INFO Luma E-Commerce - ooomaaaa>>>>  User able to hover over top men module >>>> goo
2023-06-23 20:44:22,087 [main] INFO Luma E-Commerce - ooomaaaa>>>>  User able to hover over tops inside the men module >>>> goo
2023-06-23 20:44:22,244 [main] INFO Luma E-Commerce - ooomaaaa>>>>  User able to click on jacket>>>> goo
2023-06-23 20:45:52,727 [main] INFO Luma E-Commerce - >>>> Test Execute On Chrome Browser>>>>
2023-06-23 20:45:52,899 [main] INFO io.github.bonigarcia.wdm.WebDriverManager - Using chromedriver 114.0.5735.90 (resolved driver for Chrome 114)
2023-06-23 20:45:52,920 [main] INFO io.github.bonigarcia.wdm.WebDriverManager - Exporting webdriver.chrome.driver as C:\Users\shant\.cache\selenium\chromedriver\win32\114.0.5735.90\chromedriver.exe
2023-06-23 20:45:56,256 [main] INFO Luma E-Commerce - ooomaaaa>>>> User can click on sign In BTN>>>> goo
2023-06-23 20:45:57,450 [main] INFO Luma E-Commerce - ooomaaaa>>>> User can enter the userName>>>> goo
2023-06-23 20:45:57,747 [main] INFO Luma E-Commerce - ooomaaaa>>>>User can enter the Password>>>> goo
2023-06-23 20:45:57,834 [main] INFO Luma E-Commerce - ooomaaaa>>>> User can click on log In BTN>>>> goo
2023-06-23 20:46:04,111 [main] INFO Luma E-Commerce - ooomaaaa>>>> User able to verify user info on the screen>>>> goo
2023-06-23 20:46:04,163 [main] INFO Luma E-Commerce - ooomaaaa>>>>  User able to hover over top men module >>>> goo
2023-06-23 20:46:04,326 [main] INFO Luma E-Commerce - ooomaaaa>>>>  User able to hover over tops inside the men module >>>> goo
2023-06-23 20:46:04,487 [main] INFO Luma E-Commerce - ooomaaaa>>>>  User able to click on jacket>>>> goo
2023-06-23 20:49:31,281 [main] INFO Luma E-Commerce - >>>> Test Execute On Chrome Browser>>>>
2023-06-23 20:49:31,565 [main] INFO io.github.bonigarcia.wdm.WebDriverManager - Using chromedriver 114.0.5735.90 (resolved driver for Chrome 114)
2023-06-23 20:49:31,587 [main] INFO io.github.bonigarcia.wdm.WebDriverManager - Exporting webdriver.chrome.driver as C:\Users\shant\.cache\selenium\chromedriver\win32\114.0.5735.90\chromedriver.exe
2023-06-23 20:49:34,303 [main] INFO Luma E-Commerce - ooomaaaa>>>> User can click on sign In BTN>>>> goo
2023-06-23 20:49:35,341 [main] INFO Luma E-Commerce - ooomaaaa>>>> User can enter the userName>>>> goo
2023-06-23 20:49:35,619 [main] INFO Luma E-Commerce - ooomaaaa>>>>User can enter the Password>>>> goo
2023-06-23 20:49:35,709 [main] INFO Luma E-Commerce - ooomaaaa>>>> User can click on log In BTN>>>> goo
2023-06-23 20:49:42,046 [main] INFO Luma E-Commerce - ooomaaaa>>>> User able to verify user info on the screen>>>> goo
2023-06-23 20:49:42,101 [main] INFO Luma E-Commerce - ooomaaaa>>>>  User able to hover over top men module >>>> goo
2023-06-23 20:49:42,260 [main] INFO Luma E-Commerce - ooomaaaa>>>>  User able to hover over tops inside the men module >>>> goo
2023-06-23 20:49:42,423 [main] INFO Luma E-Commerce - ooomaaaa>>>>  User able to click on jacket>>>> goo
2023-06-23 20:55:13,501 [main] INFO Luma E-Commerce - >>>> Test Execute On Chrome Browser>>>>
2023-06-23 20:55:13,677 [main] INFO io.github.bonigarcia.wdm.WebDriverManager - Using chromedriver 114.0.5735.90 (resolved driver for Chrome 114)
2023-06-23 20:55:13,699 [main] INFO io.github.bonigarcia.wdm.WebDriverManager - Exporting webdriver.chrome.driver as C:\Users\shant\.cache\selenium\chromedriver\win32\114.0.5735.90\chromedriver.exe
2023-06-23 20:55:16,815 [main] INFO Luma E-Commerce - ooomaaaa>>>> User can click on sign In BTN>>>> goo
2023-06-23 20:55:17,841 [main] INFO Luma E-Commerce - ooomaaaa>>>> User can enter the userName>>>> goo
2023-06-23 20:55:18,126 [main] INFO Luma E-Commerce - ooomaaaa>>>>User can enter the Password>>>> goo
2023-06-23 20:55:18,218 [main] INFO Luma E-Commerce - ooomaaaa>>>> User can click on log In BTN>>>> goo
2023-06-23 20:55:24,648 [main] INFO Luma E-Commerce - ooomaaaa>>>> User able to verify user info on the screen>>>> goo
2023-06-23 20:55:24,702 [main] INFO Luma E-Commerce - ooomaaaa>>>>  User able to hover over top men module >>>> goo
2023-06-23 20:55:24,866 [main] INFO Luma E-Commerce - ooomaaaa>>>>  User able to hover over tops inside the men module >>>> goo
2023-06-23 20:55:25,023 [main] INFO Luma E-Commerce - ooomaaaa>>>>  User able to click on jacket>>>> goo
2023-06-23 20:56:51,341 [main] INFO Luma E-Commerce - >>>> Test Execute On Chrome Browser>>>>
2023-06-23 20:56:51,532 [main] INFO io.github.bonigarcia.wdm.WebDriverManager - Using chromedriver 114.0.5735.90 (resolved driver for Chrome 114)
2023-06-23 20:56:51,553 [main] INFO io.github.bonigarcia.wdm.WebDriverManager - Exporting webdriver.chrome.driver as C:\Users\shant\.cache\selenium\chromedriver\win32\114.0.5735.90\chromedriver.exe
2023-06-23 20:56:54,531 [main] INFO Luma E-Commerce - ooomaaaa>>>> User can click on sign In BTN>>>> goo
2023-06-23 20:56:55,672 [main] INFO Luma E-Commerce - ooomaaaa>>>> User can enter the userName>>>> goo
2023-06-23 20:56:55,988 [main] INFO Luma E-Commerce - ooomaaaa>>>>User can enter the Password>>>> goo
2023-06-23 20:56:56,076 [main] INFO Luma E-Commerce - ooomaaaa>>>> User can click on log In BTN>>>> goo
2023-06-23 20:57:02,361 [main] INFO Luma E-Commerce - ooomaaaa>>>> User able to verify user info on the screen>>>> goo
2023-06-23 20:57:02,411 [main] INFO Luma E-Commerce - ooomaaaa>>>>  User able to hover over top men module >>>> goo
2023-06-23 20:57:02,569 [main] INFO Luma E-Commerce - ooomaaaa>>>>  User able to hover over tops inside the men module >>>> goo
2023-06-23 20:57:02,729 [main] INFO Luma E-Commerce - ooomaaaa>>>>  User able to click on jacket>>>> goo
2023-06-23 20:57:53,496 [main] INFO Luma E-Commerce - >>>> Test Execute On Chrome Browser>>>>
2023-06-23 20:57:53,785 [main] INFO io.github.bonigarcia.wdm.WebDriverManager - Using chromedriver 114.0.5735.90 (resolved driver for Chrome 114)
2023-06-23 20:57:53,803 [main] INFO io.github.bonigarcia.wdm.WebDriverManager - Exporting webdriver.chrome.driver as C:\Users\shant\.cache\selenium\chromedriver\win32\114.0.5735.90\chromedriver.exe
2023-06-23 20:57:56,624 [main] INFO Luma E-Commerce - ooomaaaa>>>> User can click on sign In BTN>>>> goo
2023-06-23 20:57:57,760 [main] INFO Luma E-Commerce - ooomaaaa>>>> User can enter the userName>>>> goo
2023-06-23 20:57:58,053 [main] INFO Luma E-Commerce - ooomaaaa>>>>User can enter the Password>>>> goo
2023-06-23 20:57:58,148 [main] INFO Luma E-Commerce - ooomaaaa>>>> User can click on log In BTN>>>> goo
2023-06-23 20:58:04,513 [main] INFO Luma E-Commerce - ooomaaaa>>>> User able to verify user info on the screen>>>> goo
2023-06-23 20:58:04,566 [main] INFO Luma E-Commerce - ooomaaaa>>>>  User able to hover over top men module >>>> goo
2023-06-23 20:58:04,727 [main] INFO Luma E-Commerce - ooomaaaa>>>>  User able to hover over tops inside the men module >>>> goo
2023-06-23 20:58:04,885 [main] INFO Luma E-Commerce - ooomaaaa>>>>  User able to click on jacket>>>> goo
2023-06-23 21:05:06,467 [main] INFO Luma E-Commerce - >>>> Test Execute On Chrome Browser>>>>
2023-06-23 21:05:06,637 [main] INFO io.github.bonigarcia.wdm.WebDriverManager - Using chromedriver 114.0.5735.90 (resolved driver for Chrome 114)
2023-06-23 21:05:06,664 [main] INFO io.github.bonigarcia.wdm.WebDriverManager - Exporting webdriver.chrome.driver as C:\Users\shant\.cache\selenium\chromedriver\win32\114.0.5735.90\chromedriver.exe
2023-06-23 21:05:09,622 [main] INFO Luma E-Commerce - ooomaaaa>>>> User can click on sign In BTN>>>> goo
2023-06-23 21:05:10,529 [main] INFO Luma E-Commerce - ooomaaaa>>>> User can enter the userName>>>> goo
2023-06-23 21:05:10,798 [main] INFO Luma E-Commerce - ooomaaaa>>>>User can enter the Password>>>> goo
2023-06-23 21:05:10,883 [main] INFO Luma E-Commerce - ooomaaaa>>>> User can click on log In BTN>>>> goo
2023-06-23 21:05:17,160 [main] INFO Luma E-Commerce - ooomaaaa>>>> User able to verify user info on the screen>>>> goo
2023-06-23 21:05:17,211 [main] INFO Luma E-Commerce - ooomaaaa>>>>  User able to hover over top men module >>>> goo
2023-06-23 21:05:17,370 [main] INFO Luma E-Commerce - ooomaaaa>>>>  User able to hover over tops inside the men module >>>> goo
2023-06-23 21:05:17,527 [main] INFO Luma E-Commerce - ooomaaaa>>>>  User able to click on jacket>>>> goo
2023-06-23 21:06:07,033 [main] INFO Luma E-Commerce - >>>> Test Execute On Chrome Browser>>>>
2023-06-23 21:06:07,319 [main] INFO io.github.bonigarcia.wdm.WebDriverManager - Using chromedriver 114.0.5735.90 (resolved driver for Chrome 114)
2023-06-23 21:06:07,341 [main] INFO io.github.bonigarcia.wdm.WebDriverManager - Exporting webdriver.chrome.driver as C:\Users\shant\.cache\selenium\chromedriver\win32\114.0.5735.90\chromedriver.exe
2023-06-23 21:06:10,200 [main] INFO Luma E-Commerce - ooomaaaa>>>> User can click on sign In BTN>>>> goo
2023-06-23 21:06:11,232 [main] INFO Luma E-Commerce - ooomaaaa>>>> User can enter the userName>>>> goo
2023-06-23 21:06:11,407 [main] INFO Luma E-Commerce - ooomaaaa>>>>User can enter the Password>>>> goo
2023-06-23 21:06:11,485 [main] INFO Luma E-Commerce - ooomaaaa>>>> User can click on log In BTN>>>> goo
2023-06-23 21:06:17,846 [main] INFO Luma E-Commerce - ooomaaaa>>>> User able to verify user info on the screen>>>> goo
2023-06-23 21:06:17,898 [main] INFO Luma E-Commerce - ooomaaaa>>>>  User able to hover over top men module >>>> goo
2023-06-23 21:06:18,057 [main] INFO Luma E-Commerce - ooomaaaa>>>>  User able to hover over tops inside the men module >>>> goo
2023-06-23 21:06:18,214 [main] INFO Luma E-Commerce - ooomaaaa>>>>  User able to click on jacket>>>> goo
2023-06-23 21:08:20,009 [main] INFO Luma E-Commerce - >>>> Test Execute On Chrome Browser>>>>
2023-06-23 21:08:20,179 [main] INFO io.github.bonigarcia.wdm.WebDriverManager - Using chromedriver 114.0.5735.90 (resolved driver for Chrome 114)
2023-06-23 21:08:20,202 [main] INFO io.github.bonigarcia.wdm.WebDriverManager - Exporting webdriver.chrome.driver as C:\Users\shant\.cache\selenium\chromedriver\win32\114.0.5735.90\chromedriver.exe
2023-06-23 21:08:22,671 [main] INFO Luma E-Commerce - ooomaaaa>>>> User can click on sign In BTN>>>> goo
2023-06-23 21:08:23,674 [main] INFO Luma E-Commerce - ooomaaaa>>>> User can enter the userName>>>> goo
2023-06-23 21:08:23,940 [main] INFO Luma E-Commerce - ooomaaaa>>>>User can enter the Password>>>> goo
2023-06-23 21:08:24,025 [main] INFO Luma E-Commerce - ooomaaaa>>>> User can click on log In BTN>>>> goo
2023-06-23 21:08:30,250 [main] INFO Luma E-Commerce - ooomaaaa>>>> User able to verify user info on the screen>>>> goo
2023-06-23 21:08:30,303 [main] INFO Luma E-Commerce - ooomaaaa>>>>  User able to hover over top men module >>>> goo
2023-06-23 21:08:30,471 [main] INFO Luma E-Commerce - ooomaaaa>>>>  User able to hover over tops inside the men module >>>> goo
2023-06-23 21:09:13,223 [main] INFO Luma E-Commerce - >>>> Test Execute On Chrome Browser>>>>
2023-06-23 21:09:13,395 [main] INFO io.github.bonigarcia.wdm.WebDriverManager - Using chromedriver 114.0.5735.90 (resolved driver for Chrome 114)
2023-06-23 21:09:13,419 [main] INFO io.github.bonigarcia.wdm.WebDriverManager - Exporting webdriver.chrome.driver as C:\Users\shant\.cache\selenium\chromedriver\win32\114.0.5735.90\chromedriver.exe
2023-06-23 21:09:16,090 [main] INFO Luma E-Commerce - ooomaaaa>>>> User can click on sign In BTN>>>> goo
2023-06-23 21:09:17,049 [main] INFO Luma E-Commerce - ooomaaaa>>>> User can enter the userName>>>> goo
2023-06-23 21:09:17,293 [main] INFO Luma E-Commerce - ooomaaaa>>>>User can enter the Password>>>> goo
2023-06-23 21:09:17,370 [main] INFO Luma E-Commerce - ooomaaaa>>>> User can click on log In BTN>>>> goo
2023-06-23 21:09:23,665 [main] INFO Luma E-Commerce - ooomaaaa>>>> User able to verify user info on the screen>>>> goo
2023-06-23 21:09:23,718 [main] INFO Luma E-Commerce - ooomaaaa>>>>  User able to hover over top men module >>>> goo
2023-06-23 21:09:23,877 [main] INFO Luma E-Commerce - ooomaaaa>>>>  User able to hover over tops inside the men module >>>> goo
2023-06-23 21:10:07,993 [main] INFO Luma E-Commerce - >>>> Test Execute On Chrome Browser>>>>
2023-06-23 21:10:08,273 [main] INFO io.github.bonigarcia.wdm.WebDriverManager - Using chromedriver 114.0.5735.90 (resolved driver for Chrome 114)
2023-06-23 21:10:08,294 [main] INFO io.github.bonigarcia.wdm.WebDriverManager - Exporting webdriver.chrome.driver as C:\Users\shant\.cache\selenium\chromedriver\win32\114.0.5735.90\chromedriver.exe
2023-06-23 21:10:11,032 [main] INFO Luma E-Commerce - ooomaaaa>>>> User can click on sign In BTN>>>> goo
2023-06-23 21:10:11,968 [main] INFO Luma E-Commerce - ooomaaaa>>>> User can enter the userName>>>> goo
2023-06-23 21:10:12,232 [main] INFO Luma E-Commerce - ooomaaaa>>>>User can enter the Password>>>> goo
2023-06-23 21:10:12,318 [main] INFO Luma E-Commerce - ooomaaaa>>>> User can click on log In BTN>>>> goo
2023-06-23 21:10:18,624 [main] INFO Luma E-Commerce - ooomaaaa>>>> User able to verify user info on the screen>>>> goo
2023-06-23 21:10:18,677 [main] INFO Luma E-Commerce - ooomaaaa>>>>  User able to hover over top men module >>>> goo
2023-06-23 21:10:18,838 [main] INFO Luma E-Commerce - ooomaaaa>>>>  User able to hover over tops inside the men module >>>> goo
2023-06-23 21:10:18,991 [main] INFO Luma E-Commerce - ooomaaaa>>>>  User able to click on jacket>>>> goo
2023-06-23 21:15:19,248 [main] INFO Luma E-Commerce - >>>> Test Execute On Chrome Browser>>>>
2023-06-23 21:15:19,534 [main] INFO io.github.bonigarcia.wdm.WebDriverManager - Using chromedriver 114.0.5735.90 (resolved driver for Chrome 114)
2023-06-23 21:15:19,560 [main] INFO io.github.bonigarcia.wdm.WebDriverManager - Exporting webdriver.chrome.driver as C:\Users\shant\.cache\selenium\chromedriver\win32\114.0.5735.90\chromedriver.exe
2023-06-23 21:15:22,136 [main] INFO Luma E-Commerce - ooomaaaa>>>> User can click on sign In BTN>>>> goo
2023-06-23 21:15:23,272 [main] INFO Luma E-Commerce - ooomaaaa>>>> User can enter the userName>>>> goo
2023-06-23 21:15:23,491 [main] INFO Luma E-Commerce - ooomaaaa>>>>User can enter the Password>>>> goo
2023-06-23 21:15:23,574 [main] INFO Luma E-Commerce - ooomaaaa>>>> User can click on log In BTN>>>> goo
2023-06-23 21:15:29,924 [main] INFO Luma E-Commerce - ooomaaaa>>>> User able to verify user info on the screen>>>> goo
2023-06-23 21:15:29,973 [main] INFO Luma E-Commerce - ooomaaaa>>>>  User able to hover over top men module >>>> goo
2023-06-23 21:15:30,134 [main] INFO Luma E-Commerce - ooomaaaa>>>>  User able to hover over tops inside the men module >>>> goo
2023-06-23 21:15:30,290 [main] INFO Luma E-Commerce - ooomaaaa>>>>  User able to click on jacket>>>> goo
2023-06-23 21:30:47,489 [main] INFO Luma E-Commerce - >>>> Test Execute On Chrome Browser>>>>
2023-06-23 21:30:47,653 [main] INFO io.github.bonigarcia.wdm.WebDriverManager - Using chromedriver 114.0.5735.90 (resolved driver for Chrome 114)
2023-06-23 21:30:47,674 [main] INFO io.github.bonigarcia.wdm.WebDriverManager - Exporting webdriver.chrome.driver as C:\Users\shant\.cache\selenium\chromedriver\win32\114.0.5735.90\chromedriver.exe
2023-06-23 21:30:50,552 [main] INFO Luma E-Commerce - ooomaaaa>>>> User can click on sign In BTN>>>> goo
2023-06-23 21:30:51,565 [main] INFO Luma E-Commerce - ooomaaaa>>>> User can enter the userName>>>> goo
2023-06-23 21:30:51,811 [main] INFO Luma E-Commerce - ooomaaaa>>>>User can enter the Password>>>> goo
2023-06-23 21:30:51,895 [main] INFO Luma E-Commerce - ooomaaaa>>>> User can click on log In BTN>>>> goo
2023-06-23 21:30:58,286 [main] INFO Luma E-Commerce - ooomaaaa>>>> User able to verify user info on the screen>>>> goo
2023-06-23 21:30:58,337 [main] INFO Luma E-Commerce - ooomaaaa>>>>  User able to hover over top men module >>>> goo
2023-06-23 21:30:58,495 [main] INFO Luma E-Commerce - ooomaaaa>>>>  User able to hover over tops inside the men module >>>> goo
2023-06-23 21:30:58,650 [main] INFO Luma E-Commerce - ooomaaaa>>>>  User able to click on jacket>>>> goo
2023-06-23 21:32:19,898 [main] INFO Luma E-Commerce - >>>> Test Execute On Chrome Browser>>>>
2023-06-23 21:32:20,178 [main] INFO io.github.bonigarcia.wdm.WebDriverManager - Using chromedriver 114.0.5735.90 (resolved driver for Chrome 114)
2023-06-23 21:32:20,199 [main] INFO io.github.bonigarcia.wdm.WebDriverManager - Exporting webdriver.chrome.driver as C:\Users\shant\.cache\selenium\chromedriver\win32\114.0.5735.90\chromedriver.exe
2023-06-23 21:32:22,750 [main] INFO Luma E-Commerce - ooomaaaa>>>> User can click on sign In BTN>>>> goo
2023-06-23 21:32:23,691 [main] INFO Luma E-Commerce - ooomaaaa>>>> User can enter the userName>>>> goo
2023-06-23 21:32:23,950 [main] INFO Luma E-Commerce - ooomaaaa>>>>User can enter the Password>>>> goo
2023-06-23 21:32:24,030 [main] INFO Luma E-Commerce - ooomaaaa>>>> User can click on log In BTN>>>> goo
2023-06-23 21:32:30,454 [main] INFO Luma E-Commerce - ooomaaaa>>>> User able to verify user info on the screen>>>> goo
2023-06-23 21:32:30,508 [main] INFO Luma E-Commerce - ooomaaaa>>>>  User able to hover over top men module >>>> goo
2023-06-23 21:32:30,666 [main] INFO Luma E-Commerce - ooomaaaa>>>>  User able to hover over tops inside the men module >>>> goo
2023-06-23 21:32:30,819 [main] INFO Luma E-Commerce - ooomaaaa>>>>  User able to click on jacket>>>> goo
2023-06-23 22:00:42,736 [main] INFO Luma E-Commerce - >>>> Test Execute On Chrome Browser>>>>
2023-06-23 22:00:43,216 [main] INFO io.github.bonigarcia.wdm.WebDriverManager - Using chromedriver 114.0.5735.90 (resolved driver for Chrome 114)
2023-06-23 22:00:43,242 [main] INFO io.github.bonigarcia.wdm.WebDriverManager - Exporting webdriver.chrome.driver as C:\Users\shant\.cache\selenium\chromedriver\win32\114.0.5735.90\chromedriver.exe
2023-06-23 22:00:46,015 [main] INFO Luma E-Commerce - ooomaaaa>>>> User can click on sign In BTN>>>> goo
2023-06-23 22:00:47,243 [main] INFO Luma E-Commerce - ooomaaaa>>>> User can enter the userName>>>> goo
2023-06-23 22:00:47,508 [main] INFO Luma E-Commerce - ooomaaaa>>>>User can enter the Password>>>> goo
2023-06-23 22:00:47,586 [main] INFO Luma E-Commerce - ooomaaaa>>>> User can click on log In BTN>>>> goo
2023-06-23 22:00:54,026 [main] INFO Luma E-Commerce - ooomaaaa>>>> User able to verify user info on the screen>>>> goo
2023-06-23 22:01:49,304 [main] INFO Luma E-Commerce - >>>> Test Execute On Chrome Browser>>>>
2023-06-23 22:01:49,477 [main] INFO io.github.bonigarcia.wdm.WebDriverManager - Using chromedriver 114.0.5735.90 (resolved driver for Chrome 114)
2023-06-23 22:01:49,501 [main] INFO io.github.bonigarcia.wdm.WebDriverManager - Exporting webdriver.chrome.driver as C:\Users\shant\.cache\selenium\chromedriver\win32\114.0.5735.90\chromedriver.exe
2023-06-23 22:01:52,309 [main] INFO Luma E-Commerce - ooomaaaa>>>> User can click on sign In BTN>>>> goo
2023-06-23 22:01:53,286 [main] INFO Luma E-Commerce - ooomaaaa>>>> User can enter the userName>>>> goo
2023-06-23 22:01:53,547 [main] INFO Luma E-Commerce - ooomaaaa>>>>User can enter the Password>>>> goo
2023-06-23 22:01:53,627 [main] INFO Luma E-Commerce - ooomaaaa>>>> User can click on log In BTN>>>> goo
2023-06-23 22:02:00,064 [main] INFO Luma E-Commerce - ooomaaaa>>>> User able to verify user info on the screen>>>> goo
2023-06-23 22:08:10,078 [main] INFO Luma E-Commerce - >>>> Test Execute On Chrome Browser>>>>
2023-06-23 22:08:10,237 [main] INFO io.github.bonigarcia.wdm.WebDriverManager - Using chromedriver 114.0.5735.90 (resolved driver for Chrome 114)
2023-06-23 22:08:10,257 [main] INFO io.github.bonigarcia.wdm.WebDriverManager - Exporting webdriver.chrome.driver as C:\Users\shant\.cache\selenium\chromedriver\win32\114.0.5735.90\chromedriver.exe
2023-06-23 22:08:13,248 [main] INFO Luma E-Commerce - ooomaaaa>>>> User can click on sign In BTN>>>> goo
2023-06-23 22:08:14,164 [main] INFO Luma E-Commerce - ooomaaaa>>>> User can enter the userName>>>> goo
2023-06-23 22:08:14,393 [main] INFO Luma E-Commerce - ooomaaaa>>>>User can enter the Password>>>> goo
2023-06-23 22:08:14,469 [main] INFO Luma E-Commerce - ooomaaaa>>>> User can click on log In BTN>>>> goo
2023-06-23 22:08:20,698 [main] INFO Luma E-Commerce - ooomaaaa>>>> User able to verify user info on the screen>>>> goo
2023-06-23 22:16:03,498 [main] INFO Luma E-Commerce - >>>> Test Execute On Chrome Browser>>>>
2023-06-23 22:16:03,669 [main] INFO io.github.bonigarcia.wdm.WebDriverManager - Using chromedriver 114.0.5735.90 (resolved driver for Chrome 114)
2023-06-23 22:16:03,691 [main] INFO io.github.bonigarcia.wdm.WebDriverManager - Exporting webdriver.chrome.driver as C:\Users\shant\.cache\selenium\chromedriver\win32\114.0.5735.90\chromedriver.exe
2023-06-23 22:16:06,656 [main] INFO Luma E-Commerce - ooomaaaa>>>> User can click on sign In BTN>>>> goo
2023-06-23 22:16:07,718 [main] INFO Luma E-Commerce - ooomaaaa>>>> User can enter the userName>>>> goo
2023-06-23 22:16:07,969 [main] INFO Luma E-Commerce - ooomaaaa>>>>User can enter the Password>>>> goo
2023-06-23 22:16:08,047 [main] INFO Luma E-Commerce - ooomaaaa>>>> User can click on log In BTN>>>> goo
2023-06-23 22:16:14,388 [main] INFO Luma E-Commerce - ooomaaaa>>>> User able to verify user info on the screen>>>> goo
2023-06-24 14:15:58,902 [main] INFO Luma E-Commerce - >>>> Test Execute On Chrome Browser>>>>
2023-06-24 14:15:59,493 [main] INFO io.github.bonigarcia.wdm.WebDriverManager - Using chromedriver 114.0.5735.90 (resolved driver for Chrome 114)
2023-06-24 14:15:59,516 [main] INFO io.github.bonigarcia.wdm.WebDriverManager - Exporting webdriver.chrome.driver as C:\Users\shant\.cache\selenium\chromedriver\win32\114.0.5735.90\chromedriver.exe
2023-06-24 14:16:04,865 [main] INFO Luma E-Commerce - ooomaaaa>>>> User can click on sign In BTN>>>> goo
2023-06-24 14:16:05,873 [main] INFO Luma E-Commerce - ooomaaaa>>>> User can enter the userName>>>> goo
2023-06-24 14:16:06,119 [main] INFO Luma E-Commerce - ooomaaaa>>>>User can enter the Password>>>> goo
2023-06-24 14:16:06,195 [main] INFO Luma E-Commerce - ooomaaaa>>>> User can click on log In BTN>>>> goo
2023-06-24 14:16:12,451 [main] INFO Luma E-Commerce - ooomaaaa>>>> User able to verify user info on the screen>>>> goo
2023-06-24 14:19:08,738 [main] INFO Luma E-Commerce - >>>> Test Execute On Chrome Browser>>>>
2023-06-24 14:19:08,905 [main] INFO io.github.bonigarcia.wdm.WebDriverManager - Using chromedriver 114.0.5735.90 (resolved driver for Chrome 114)
2023-06-24 14:19:08,926 [main] INFO io.github.bonigarcia.wdm.WebDriverManager - Exporting webdriver.chrome.driver as C:\Users\shant\.cache\selenium\chromedriver\win32\114.0.5735.90\chromedriver.exe
2023-06-24 14:19:12,407 [main] INFO Luma E-Commerce - ooomaaaa>>>> User can click on sign In BTN>>>> goo
2023-06-24 14:19:13,748 [main] INFO Luma E-Commerce - ooomaaaa>>>> User can enter the userName>>>> goo
2023-06-24 14:19:14,003 [main] INFO Luma E-Commerce - ooomaaaa>>>>User can enter the Password>>>> goo
2023-06-24 14:19:14,087 [main] INFO Luma E-Commerce - ooomaaaa>>>> User can click on log In BTN>>>> goo
2023-06-24 14:19:20,286 [main] INFO Luma E-Commerce - ooomaaaa>>>> User able to verify user info on the screen>>>> goo
2023-06-24 14:19:20,356 [main] INFO Luma E-Commerce - ooomaaaa>>>>  User able to hover over top men module >>>> goo
2023-06-24 14:19:20,531 [main] INFO Luma E-Commerce - ooomaaaa>>>>  User able to hover over tops inside the men module >>>> goo
2023-06-24 14:19:20,703 [main] INFO Luma E-Commerce - ooomaaaa>>>>  User able to click on jacket>>>> goo
2023-06-24 14:20:43,152 [main] INFO Luma E-Commerce - >>>> Test Execute On Chrome Browser>>>>
2023-06-24 14:20:43,428 [main] INFO io.github.bonigarcia.wdm.WebDriverManager - Using chromedriver 114.0.5735.90 (resolved driver for Chrome 114)
2023-06-24 14:20:43,451 [main] INFO io.github.bonigarcia.wdm.WebDriverManager - Exporting webdriver.chrome.driver as C:\Users\shant\.cache\selenium\chromedriver\win32\114.0.5735.90\chromedriver.exe
2023-06-24 14:20:46,349 [main] INFO Luma E-Commerce - ooomaaaa>>>> User can click on sign In BTN>>>> goo
2023-06-24 14:20:47,306 [main] INFO Luma E-Commerce - ooomaaaa>>>> User can enter the userName>>>> goo
2023-06-24 14:20:47,552 [main] INFO Luma E-Commerce - ooomaaaa>>>>User can enter the Password>>>> goo
2023-06-24 14:20:47,634 [main] INFO Luma E-Commerce - ooomaaaa>>>> User can click on log In BTN>>>> goo
2023-06-24 14:20:53,939 [main] INFO Luma E-Commerce - ooomaaaa>>>> User able to verify user info on the screen>>>> goo
2023-06-24 14:20:53,988 [main] INFO Luma E-Commerce - ooomaaaa>>>>  User able to hover over top men module >>>> goo
2023-06-24 14:20:54,154 [main] INFO Luma E-Commerce - ooomaaaa>>>>  User able to hover over tops inside the men module >>>> goo
2023-06-24 14:20:54,312 [main] INFO Luma E-Commerce - ooomaaaa>>>>  User able to click on jacket>>>> goo
2023-06-24 14:24:21,052 [main] INFO Luma E-Commerce - >>>> Test Execute On Chrome Browser>>>>
2023-06-24 14:24:21,222 [main] INFO io.github.bonigarcia.wdm.WebDriverManager - Using chromedriver 114.0.5735.90 (resolved driver for Chrome 114)
2023-06-24 14:24:21,246 [main] INFO io.github.bonigarcia.wdm.WebDriverManager - Exporting webdriver.chrome.driver as C:\Users\shant\.cache\selenium\chromedriver\win32\114.0.5735.90\chromedriver.exe
2023-06-24 14:24:24,504 [main] INFO Luma E-Commerce - ooomaaaa>>>> User can click on sign In BTN>>>> goo
2023-06-24 14:24:25,447 [main] INFO Luma E-Commerce - ooomaaaa>>>> User can enter the userName>>>> goo
2023-06-24 14:24:25,713 [main] INFO Luma E-Commerce - ooomaaaa>>>>User can enter the Password>>>> goo
2023-06-24 14:24:25,789 [main] INFO Luma E-Commerce - ooomaaaa>>>> User can click on log In BTN>>>> goo
2023-06-24 14:24:32,171 [main] INFO Luma E-Commerce - ooomaaaa>>>> User able to verify user info on the screen>>>> goo
2023-06-24 14:24:32,222 [main] INFO Luma E-Commerce - ooomaaaa>>>>  User able to hover over top men module >>>> goo
2023-06-24 14:24:32,395 [main] INFO Luma E-Commerce - ooomaaaa>>>>  User able to hover over tops inside the men module >>>> goo
2023-06-24 14:24:32,660 [main] INFO Luma E-Commerce - ooomaaaa>>>>  User able to click on jacket>>>> goo
2023-06-24 14:26:54,020 [main] INFO Luma E-Commerce - >>>> Test Execute On Chrome Browser>>>>
2023-06-24 14:26:54,174 [main] INFO io.github.bonigarcia.wdm.WebDriverManager - Using chromedriver 114.0.5735.90 (resolved driver for Chrome 114)
2023-06-24 14:26:54,195 [main] INFO io.github.bonigarcia.wdm.WebDriverManager - Exporting webdriver.chrome.driver as C:\Users\shant\.cache\selenium\chromedriver\win32\114.0.5735.90\chromedriver.exe
2023-06-24 14:26:56,674 [main] INFO Luma E-Commerce - ooomaaaa>>>> User can click on sign In BTN>>>> goo
2023-06-24 14:26:57,688 [main] INFO Luma E-Commerce - ooomaaaa>>>> User can enter the userName>>>> goo
2023-06-24 14:26:57,943 [main] INFO Luma E-Commerce - ooomaaaa>>>>User can enter the Password>>>> goo
2023-06-24 14:26:58,022 [main] INFO Luma E-Commerce - ooomaaaa>>>> User can click on log In BTN>>>> goo
2023-06-24 14:27:04,305 [main] INFO Luma E-Commerce - ooomaaaa>>>> User able to verify user info on the screen>>>> goo
2023-06-24 14:27:04,355 [main] INFO Luma E-Commerce - ooomaaaa>>>>  User able to hover over top men module >>>> goo
2023-06-24 14:27:04,518 [main] INFO Luma E-Commerce - ooomaaaa>>>>  User able to hover over tops inside the men module >>>> goo
2023-06-24 14:27:04,678 [main] INFO Luma E-Commerce - ooomaaaa>>>>  User able to click on jacket>>>> goo
2023-06-24 14:29:48,394 [main] INFO Luma E-Commerce - >>>> Test Execute On Chrome Browser>>>>
2023-06-24 14:29:48,560 [main] INFO io.github.bonigarcia.wdm.WebDriverManager - Using chromedriver 114.0.5735.90 (resolved driver for Chrome 114)
2023-06-24 14:29:48,581 [main] INFO io.github.bonigarcia.wdm.WebDriverManager - Exporting webdriver.chrome.driver as C:\Users\shant\.cache\selenium\chromedriver\win32\114.0.5735.90\chromedriver.exe
2023-06-24 14:29:51,041 [main] INFO Luma E-Commerce - ooomaaaa>>>> User can click on sign In BTN>>>> goo
2023-06-24 14:29:52,026 [main] INFO Luma E-Commerce - ooomaaaa>>>> User can enter the userName>>>> goo
2023-06-24 14:29:52,282 [main] INFO Luma E-Commerce - ooomaaaa>>>>User can enter the Password>>>> goo
2023-06-24 14:29:52,363 [main] INFO Luma E-Commerce - ooomaaaa>>>> User can click on log In BTN>>>> goo
2023-06-24 14:29:58,735 [main] INFO Luma E-Commerce - ooomaaaa>>>> User able to verify user info on the screen>>>> goo
2023-06-24 14:29:58,788 [main] INFO Luma E-Commerce - ooomaaaa>>>>  User able to hover over top men module >>>> goo
2023-06-24 14:29:58,949 [main] INFO Luma E-Commerce - ooomaaaa>>>>  User able to hover over tops inside the men module >>>> goo
2023-06-24 14:29:59,110 [main] INFO Luma E-Commerce - ooomaaaa>>>>  User able to click on jacket>>>> goo
2023-06-24 14:30:51,508 [main] INFO Luma E-Commerce - >>>> Test Execute On Chrome Browser>>>>
2023-06-24 14:30:51,771 [main] INFO io.github.bonigarcia.wdm.WebDriverManager - Using chromedriver 114.0.5735.90 (resolved driver for Chrome 114)
2023-06-24 14:30:51,796 [main] INFO io.github.bonigarcia.wdm.WebDriverManager - Exporting webdriver.chrome.driver as C:\Users\shant\.cache\selenium\chromedriver\win32\114.0.5735.90\chromedriver.exe
2023-06-24 14:30:55,514 [main] INFO Luma E-Commerce - ooomaaaa>>>> User can click on sign In BTN>>>> goo
2023-06-24 14:30:56,651 [main] INFO Luma E-Commerce - ooomaaaa>>>> User can enter the userName>>>> goo
2023-06-24 14:30:56,913 [main] INFO Luma E-Commerce - ooomaaaa>>>>User can enter the Password>>>> goo
2023-06-24 14:30:56,998 [main] INFO Luma E-Commerce - ooomaaaa>>>> User can click on log In BTN>>>> goo
2023-06-24 14:31:03,321 [main] INFO Luma E-Commerce - ooomaaaa>>>> User able to verify user info on the screen>>>> goo
2023-06-24 14:31:03,373 [main] INFO Luma E-Commerce - ooomaaaa>>>>  User able to hover over top men module >>>> goo
2023-06-24 14:31:03,547 [main] INFO Luma E-Commerce - ooomaaaa>>>>  User able to hover over tops inside the men module >>>> goo
2023-06-24 14:31:03,706 [main] INFO Luma E-Commerce - ooomaaaa>>>>  User able to click on jacket>>>> goo
